2025-10-21 15:13:46,334 - ERROR - Invalid input:could not convert string to float: 'f'
Traceback (most recent call last):
  File "C:\Users\ayans\PycharmProjects\class\OVHAL_DSC510_T302_W5_6.1.py", line 35, in main
    temp = float(user_input)
ValueError: could not convert string to float: 'f'
2025-10-21 15:15:58,024 - ERROR - Invalid input:could not convert string to float: 'f'
Traceback (most recent call last):
  File "C:\Users\ayans\PycharmProjects\class\OVHAL_DSC510_T302_W5_6.1.py", line 35, in main
    temp = float(user_input)
ValueError: could not convert string to float: 'f'
2025-10-21 15:16:37,393 - ERROR - Invalid input:could not convert string to float: 'f'
Traceback (most recent call last):
  File "C:\Users\ayans\PycharmProjects\class\OVHAL_DSC510_T302_W5_6.1.py", line 35, in main
    temp = float(user_input)
ValueError: could not convert string to float: 'f'
2025-10-21 15:18:07,811 - ERROR - User interrupted
Traceback (most recent call last):
  File "C:\Users\ayans\PycharmProjects\class\OVHAL_DSC510_T302_W5_6.1.py", line 32, in main
    user_input = input("Enter the temperature in fahrenheit OR Press q to quit: ").strip()
                 ~~~~~^^^^^^^^^^^^^^^^^^^^^^^^^^^^^^^^^^^^^^^^^^^^^^^^^^^^^^^^^^^^
  File "<frozen codecs>", line 322, in decode
KeyboardInterrupt
2025-10-21 15:21:00,978 - ERROR - User interrupted:
Traceback (most recent call last):
  File "C:\Users\ayans\PycharmProjects\class\OVHAL_DSC510_T302_W5_6.1.py", line 32, in main
    user_input = input("Enter the temperature in fahrenheit OR Press q to quit: ").strip()
                 ~~~~~^^^^^^^^^^^^^^^^^^^^^^^^^^^^^^^^^^^^^^^^^^^^^^^^^^^^^^^^^^^^
  File "<frozen codecs>", line 322, in decode
KeyboardInterrupt
2025-10-26 16:24:17,556 - ERROR - [Errno 2] No such file or directory: 'gettysburg.txt'
2025-10-26 16:25:18,834 - ERROR - [Errno 2] No such file or directory: 'gettysburg.txt'
2025-10-26 16:25:39,402 - ERROR - [Errno 2] No such file or directory: 'gettysburg.txt'
2025-10-26 22:13:13,836 - ERROR - [Errno 2] No such file or directory: 'gettysburg.txt'
2025-11-01 11:16:50,305 - ERROR - Keyboard interrupt: 
2025-11-01 11:17:41,390 - ERROR - Keyboard interrupt: 
2025-11-01 11:24:24,362 - ERROR - Keyboard interrupt: 
2025-11-01 13:31:15,684 - ERROR - Keyboard interrupt: 
2025-11-01 14:26:39,529 - ERROR - Keyboard interrupt: 
2025-11-01 14:29:23,899 - ERROR - Keyboard interrupt: 
2025-11-01 14:32:23,914 - ERROR - Keyboard interrupt: 
2025-11-01 14:49:12,876 - ERROR - Keyboard interrupt: 
2025-11-01 15:35:45,286 - ERROR - 
2025-11-01 15:38:46,950 - ERROR - Keyboard interrupt: 
2025-11-01 15:41:16,081 - ERROR - Keyboard interrupt: 
2025-11-02 12:11:38,299 - ERROR - Keyboard interrupt: 
